mode: set
github.com/jkjamies/omnivore/go-test-rig/usecase/usecase.go:10.152,11.56 1 1
github.com/jkjamies/omnivore/go-test-rig/usecase/usecase.go:11.56,13.3 1 1
github.com/jkjamies/omnivore/go-test-rig/usecase/usecase.go:14.2,14.27 1 1
github.com/jkjamies/omnivore/go-test-rig/usecase/usecase.go:14.27,15.53 1 1
github.com/jkjamies/omnivore/go-test-rig/usecase/usecase.go:15.53,17.4 1 1
github.com/jkjamies/omnivore/go-test-rig/usecase/usecase.go:20.2,24.39 4 1
github.com/jkjamies/omnivore/go-test-rig/usecase/usecase.go:24.39,26.3 1 0
github.com/jkjamies/omnivore/go-test-rig/usecase/usecase.go:27.2,27.18 1 1
github.com/jkjamies/omnivore/go-test-rig/usecase/usecase.go:31.81,33.16 2 1
github.com/jkjamies/omnivore/go-test-rig/usecase/usecase.go:33.16,35.3 1 0
github.com/jkjamies/omnivore/go-test-rig/usecase/usecase.go:36.2,37.42 2 1
github.com/jkjamies/omnivore/go-test-rig/usecase/usecase.go:37.42,39.3 1 0
github.com/jkjamies/omnivore/go-test-rig/usecase/usecase.go:40.2,40.18 1 1
github.com/jkjamies/omnivore/go-test-rig/usecase/usecase.go:44.81,46.2 1 0
github.com/jkjamies/omnivore/go-test-rig/usecase/usecase.go:49.75,51.17 2 1
github.com/jkjamies/omnivore/go-test-rig/usecase/usecase.go:51.17,53.3 1 1
github.com/jkjamies/omnivore/go-test-rig/usecase/usecase.go:54.2,55.24 2 1
github.com/jkjamies/omnivore/go-test-rig/usecase/usecase.go:55.24,56.29 1 1
github.com/jkjamies/omnivore/go-test-rig/usecase/usecase.go:56.29,58.4 1 1
github.com/jkjamies/omnivore/go-test-rig/usecase/usecase.go:60.2,60.15 1 1
github.com/jkjamies/omnivore/go-test-rig/usecase/usecase.go:64.73,73.31 4 0
github.com/jkjamies/omnivore/go-test-rig/usecase/usecase.go:73.31,75.25 2 0
github.com/jkjamies/omnivore/go-test-rig/usecase/usecase.go:75.25,76.23 1 0
github.com/jkjamies/omnivore/go-test-rig/usecase/usecase.go:76.23,78.5 1 0
github.com/jkjamies/omnivore/go-test-rig/usecase/usecase.go:80.3,80.21 1 0
github.com/jkjamies/omnivore/go-test-rig/usecase/usecase.go:80.21,82.4 1 0
github.com/jkjamies/omnivore/go-test-rig/usecase/usecase.go:84.2,84.15 1 0
github.com/jkjamies/omnivore/go-test-rig/usecase/usecase.go:103.57,108.24 5 1
github.com/jkjamies/omnivore/go-test-rig/usecase/usecase.go:108.24,109.18 1 1
github.com/jkjamies/omnivore/go-test-rig/usecase/usecase.go:109.18,111.4 1 1
github.com/jkjamies/omnivore/go-test-rig/usecase/usecase.go:112.3,112.23 1 1
github.com/jkjamies/omnivore/go-test-rig/usecase/usecase.go:112.23,114.4 1 1
github.com/jkjamies/omnivore/go-test-rig/usecase/usecase.go:116.2,117.15 2 1
github.com/jkjamies/omnivore/go-test-rig/usecase/usecase.go:117.15,119.3 1 1
github.com/jkjamies/omnivore/go-test-rig/usecase/usecase.go:120.2,126.3 1 1
github.com/jkjamies/omnivore/go-test-rig/repository/repository.go:30.58,35.2 1 1
github.com/jkjamies/omnivore/go-test-rig/repository/repository.go:38.50,44.2 5 0
github.com/jkjamies/omnivore/go-test-rig/repository/repository.go:47.57,51.28 4 1
github.com/jkjamies/omnivore/go-test-rig/repository/repository.go:51.28,54.3 2 1
github.com/jkjamies/omnivore/go-test-rig/repository/repository.go:55.2,55.40 1 1
github.com/jkjamies/omnivore/go-test-rig/repository/repository.go:55.40,57.3 1 1
github.com/jkjamies/omnivore/go-test-rig/repository/repository.go:58.2,58.14 1 1
github.com/jkjamies/omnivore/go-test-rig/repository/repository.go:62.74,66.9 4 1
github.com/jkjamies/omnivore/go-test-rig/repository/repository.go:66.9,68.3 1 1
github.com/jkjamies/omnivore/go-test-rig/repository/repository.go:69.2,70.20 2 1
github.com/jkjamies/omnivore/go-test-rig/repository/repository.go:74.62,77.35 3 1
github.com/jkjamies/omnivore/go-test-rig/repository/repository.go:77.35,78.52 1 1
github.com/jkjamies/omnivore/go-test-rig/repository/repository.go:78.52,80.4 1 1
github.com/jkjamies/omnivore/go-test-rig/repository/repository.go:82.2,84.12 3 1
github.com/jkjamies/omnivore/go-test-rig/repository/repository.go:88.65,91.36 3 0
github.com/jkjamies/omnivore/go-test-rig/repository/repository.go:91.36,93.3 1 0
github.com/jkjamies/omnivore/go-test-rig/repository/repository.go:94.2,96.12 3 0
github.com/jkjamies/omnivore/go-test-rig/repository/repository.go:100.73,104.9 4 0
github.com/jkjamies/omnivore/go-test-rig/repository/repository.go:104.9,106.3 1 0
github.com/jkjamies/omnivore/go-test-rig/repository/repository.go:107.2,108.18 2 0
github.com/jkjamies/omnivore/go-test-rig/repository/repository.go:112.70,117.28 5 0
github.com/jkjamies/omnivore/go-test-rig/repository/repository.go:117.28,118.29 1 0
github.com/jkjamies/omnivore/go-test-rig/repository/repository.go:118.29,119.39 1 0
github.com/jkjamies/omnivore/go-test-rig/repository/repository.go:119.39,122.10 3 0
github.com/jkjamies/omnivore/go-test-rig/repository/repository.go:126.2,126.15 1 0
github.com/jkjamies/omnivore/go-test-rig/repository/repository.go:130.46,134.2 3 1
github.com/jkjamies/omnivore/go-test-rig/validation/validate.go:11.40,13.19 2 1
github.com/jkjamies/omnivore/go-test-rig/validation/validate.go:13.19,15.3 1 1
github.com/jkjamies/omnivore/go-test-rig/validation/validate.go:16.2,16.24 1 1
github.com/jkjamies/omnivore/go-test-rig/validation/validate.go:16.24,18.3 1 1
github.com/jkjamies/omnivore/go-test-rig/validation/validate.go:19.2,19.80 1 1
github.com/jkjamies/omnivore/go-test-rig/validation/validate.go:19.80,21.3 1 1
github.com/jkjamies/omnivore/go-test-rig/validation/validate.go:22.2,22.12 1 1
github.com/jkjamies/omnivore/go-test-rig/validation/validate.go:26.36,28.19 2 1
github.com/jkjamies/omnivore/go-test-rig/validation/validate.go:28.19,30.3 1 1
github.com/jkjamies/omnivore/go-test-rig/validation/validate.go:31.2,31.23 1 1
github.com/jkjamies/omnivore/go-test-rig/validation/validate.go:31.23,33.3 1 0
github.com/jkjamies/omnivore/go-test-rig/validation/validate.go:34.2,34.29 1 1
github.com/jkjamies/omnivore/go-test-rig/validation/validate.go:34.29,35.78 1 1
github.com/jkjamies/omnivore/go-test-rig/validation/validate.go:35.78,37.4 1 1
github.com/jkjamies/omnivore/go-test-rig/validation/validate.go:39.2,39.12 1 1
github.com/jkjamies/omnivore/go-test-rig/validation/validate.go:43.46,47.29 4 1
github.com/jkjamies/omnivore/go-test-rig/validation/validate.go:47.29,48.26 1 1
github.com/jkjamies/omnivore/go-test-rig/validation/validate.go:48.26,49.21 1 1
github.com/jkjamies/omnivore/go-test-rig/validation/validate.go:49.21,52.5 2 1
github.com/jkjamies/omnivore/go-test-rig/validation/validate.go:53.9,56.4 2 1
github.com/jkjamies/omnivore/go-test-rig/validation/validate.go:58.2,58.24 1 1
github.com/jkjamies/omnivore/go-test-rig/formatter/formatter.go:12.46,14.20 2 1
github.com/jkjamies/omnivore/go-test-rig/formatter/formatter.go:14.20,16.3 1 1
github.com/jkjamies/omnivore/go-test-rig/formatter/formatter.go:18.2,19.23 2 1
github.com/jkjamies/omnivore/go-test-rig/formatter/formatter.go:20.30,21.18 1 0
github.com/jkjamies/omnivore/go-test-rig/formatter/formatter.go:22.26,23.17 1 1
github.com/jkjamies/omnivore/go-test-rig/formatter/formatter.go:24.28,25.16 1 1
github.com/jkjamies/omnivore/go-test-rig/formatter/formatter.go:26.10,27.16 1 1
github.com/jkjamies/omnivore/go-test-rig/formatter/formatter.go:30.2,31.24 2 1
github.com/jkjamies/omnivore/go-test-rig/formatter/formatter.go:31.24,33.3 1 1
github.com/jkjamies/omnivore/go-test-rig/formatter/formatter.go:35.2,35.67 1 1
github.com/jkjamies/omnivore/go-test-rig/formatter/formatter.go:39.49,40.21 1 1
github.com/jkjamies/omnivore/go-test-rig/formatter/formatter.go:40.21,42.3 1 1
github.com/jkjamies/omnivore/go-test-rig/formatter/formatter.go:43.2,44.26 2 0
github.com/jkjamies/omnivore/go-test-rig/formatter/formatter.go:44.26,46.3 1 0
github.com/jkjamies/omnivore/go-test-rig/formatter/formatter.go:47.2,47.34 1 0
github.com/jkjamies/omnivore/go-test-rig/formatter/formatter.go:51.50,54.2 1 1
github.com/jkjamies/omnivore/go-test-rig/formatter/formatter.go:57.72,58.22 1 0
github.com/jkjamies/omnivore/go-test-rig/formatter/formatter.go:58.22,60.3 1 0
github.com/jkjamies/omnivore/go-test-rig/formatter/formatter.go:61.2,62.27 2 0
github.com/jkjamies/omnivore/go-test-rig/formatter/formatter.go:62.27,64.3 1 0
github.com/jkjamies/omnivore/go-test-rig/formatter/formatter.go:65.2,65.34 1 0
github.com/jkjamies/omnivore/go-test-rig/model/task.go:16.35,17.11 1 1
github.com/jkjamies/omnivore/go-test-rig/model/task.go:18.19,19.15 1 1
github.com/jkjamies/omnivore/go-test-rig/model/task.go:20.22,21.18 1 1
github.com/jkjamies/omnivore/go-test-rig/model/task.go:22.20,23.16 1 1
github.com/jkjamies/omnivore/go-test-rig/model/task.go:24.24,25.20 1 1
github.com/jkjamies/omnivore/go-test-rig/model/task.go:26.10,27.19 1 0
github.com/jkjamies/omnivore/go-test-rig/model/task.go:32.35,34.2 1 1
github.com/jkjamies/omnivore/go-test-rig/model/task.go:47.64,54.2 1 1
github.com/jkjamies/omnivore/go-test-rig/model/task.go:57.34,59.2 1 1
github.com/jkjamies/omnivore/go-test-rig/model/task.go:63.49,65.51 2 1
github.com/jkjamies/omnivore/go-test-rig/model/task.go:65.51,67.3 1 1
github.com/jkjamies/omnivore/go-test-rig/model/task.go:68.2,68.57 1 1
github.com/jkjamies/omnivore/go-test-rig/model/task.go:68.57,70.3 1 1
github.com/jkjamies/omnivore/go-test-rig/model/task.go:71.2,71.29 1 1
github.com/jkjamies/omnivore/go-test-rig/model/task.go:71.29,72.48 1 1
github.com/jkjamies/omnivore/go-test-rig/model/task.go:72.48,74.4 1 1
github.com/jkjamies/omnivore/go-test-rig/model/task.go:76.2,76.14 1 1
github.com/jkjamies/omnivore/go-test-rig/model/task.go:80.36,82.2 1 1
github.com/jkjamies/omnivore/go-test-rig/model/task.go:90.36,92.2 1 0
github.com/jkjamies/omnivore/go-test-rig/model/task.go:95.40,97.2 1 0
github.com/jkjamies/omnivore/go-test-rig/model/task.go:100.49,102.2 1 0
github.com/jkjamies/omnivore/go-test-rig/model/task.go:105.43,107.2 1 0
